build/outputs/logs/manifest-merger-debug-report.txt
-- Merging decision tree log ---
manifest
ADDED from TYMPosDemo\AndroidManifest.xml:1:1-31:12
	xmlns:android
		ADDED from TYMPosDemo\AndroidManifest.xml:1:11-69
	package
		ADDED from TYMPosDemo\AndroidManifest.xml:2:5-32
	android:versionName
		ADDED from TYMPosDemo\AndroidManifest.xml:4:5-30
		INJECTED from TYMPosDemo\AndroidManifest.xml
		INJECTED from TYMPosDemo\AndroidManifest.xml
	android:versionCode
		ADDED from TYMPosDemo\AndroidManifest.xml:3:5-28
		INJECTED from TYMPosDemo\AndroidManifest.xml
		INJECTED from TYMPosDemo\AndroidManifest.xml
uses-sdk
ADDED from TYMPosDemo\AndroidManifest.xml:6:5-8:41
	android:targetSdkVersion
		ADDED from TYMPosDemo\AndroidManifest.xml:8:9-38
	android:minSdkVersion
		ADDED from TYMPosDemo\AndroidManifest.xml:7:9-34
uses-permission#android.permission.BLUETOOTH_ADMIN
ADDED from TYMPosDemo\AndroidManifest.xml:9:5-73
	android:name
		ADDED from TYMPosDemo\AndroidManifest.xml:9:22-71
uses-permission#android.permission.BLUETOOTH
ADDED from TYMPosDemo\AndroidManifest.xml:10:4-66
	android:name
		ADDED from TYMPosDemo\AndroidManifest.xml:10:21-64
uses-permission#android.permission.WRITE_EXTERNAL_STORAGE
ADDED from TYMPosDemo\AndroidManifest.xml:11:4-79
	android:name
		ADDED from TYMPosDemo\AndroidManifest.xml:11:21-77
uses-permission#android.permission.ACCESS_WIFI_STATE
ADDED from TYMPosDemo\AndroidManifest.xml:12:2-72
	android:name
		ADDED from TYMPosDemo\AndroidManifest.xml:12:19-70
uses-permission#android.permission.ACCESS_NETWORK_STATE
ADDED from TYMPosDemo\AndroidManifest.xml:13:4-77
	android:name
		ADDED from TYMPosDemo\AndroidManifest.xml:13:21-75
uses-permission#android.permission.INTERNET
ADDED from TYMPosDemo\AndroidManifest.xml:14:4-65
	android:name
		ADDED from TYMPosDemo\AndroidManifest.xml:14:21-63
application
ADDED from TYMPosDemo\AndroidManifest.xml:16:5-29:19
	android:label
		ADDED from TYMPosDemo\AndroidManifest.xml:19:9-41
	android:allowBackup
		ADDED from TYMPosDemo\AndroidManifest.xml:17:9-35
	android:icon
		ADDED from TYMPosDemo\AndroidManifest.xml:18:9-45
	android:theme
		ADDED from TYMPosDemo\AndroidManifest.xml:20:9-40
activity#com.whty.mposdemo.ui.MainActivity
ADDED from TYMPosDemo\AndroidManifest.xml:21:9-28:20
	android:screenOrientation
		ADDED from TYMPosDemo\AndroidManifest.xml:22:62-98
	android:label
		ADDED from TYMPosDemo\AndroidManifest.xml:23:13-45
	android:name
		ADDED from TYMPosDemo\AndroidManifest.xml:22:13-61
intent-filter#android.intent.action.MAIN+android.intent.category.LAUNCHER
ADDED from TYMPosDemo\AndroidManifest.xml:24:13-27:29
action#android.intent.action.MAIN
ADDED from TYMPosDemo\AndroidManifest.xml:25:17-69
	android:name
		ADDED from TYMPosDemo\AndroidManifest.xml:25:25-66
category#android.intent.category.LAUNCHER
ADDED from TYMPosDemo\AndroidManifest.xml:26:17-77
	android:name
		ADDED from TYMPosDemo\AndroidManifest.xml:26:27-74